<?xml version="1.0" encoding="UTF-8"?>
<!-- Generated by org.testng.reporters.JUnitXMLReporter -->
<testsuite ignored="0" hostname="Arups-MacBook-Air.local" failures="3" tests="3" name="Test(failed)" time="20.745" errors="0" timestamp="2025-09-08T22:17:46 IST">
  <testcase classname="testCases.TC003_LoginDDT_Test" name="verifyLoginDDT" time="11.429">
    <failure type="java.lang.AssertionError">
      <![CDATA[java.lang.AssertionError: 
at testCases.TC003_LoginDDT_Test.verifyLoginDDT(TC003_LoginDDT_Test.java:52)
at java.base/java.util.ArrayList.forEach(ArrayList.java:1596)
... Removed 28 stack frames]]>
    </failure>
  </testcase> <!-- verifyLoginDDT -->
  <testcase classname="testCases.TC003_LoginDDT_Test" name="verifyLoginDDT" time="2.568">
    <failure type="java.lang.AssertionError">
      <![CDATA[java.lang.AssertionError: 
at testCases.TC003_LoginDDT_Test.verifyLoginDDT(TC003_LoginDDT_Test.java:61)
at java.base/java.util.ArrayList.forEach(ArrayList.java:1596)
... Removed 28 stack frames]]>
    </failure>
  </testcase> <!-- verifyLoginDDT -->
  <testcase classname="testCases.TC003_LoginDDT_Test" name="verifyLoginDDT" time="2.689">
    <failure type="java.lang.AssertionError">
      <![CDATA[java.lang.AssertionError: 
at testCases.TC003_LoginDDT_Test.verifyLoginDDT(TC003_LoginDDT_Test.java:61)
at java.base/java.util.ArrayList.forEach(ArrayList.java:1596)
... Removed 28 stack frames]]>
    </failure>
  </testcase> <!-- verifyLoginDDT -->
</testsuite> <!-- Test(failed) -->
